20:24:57.650462,#System,Shared Memory code added: US.TSLA220513C855000; Capacity: 1/100,
20:24:57.663554,#System,Quote Handler is ready!,
20:24:57.663554,#System,Ticker Handler is ready!,
20:29:24.759452,#System,Connection established!,
20:29:24.759452,#System,Quote Handler is ready!,
20:29:24.759452,#System,Ticker Handler is ready!,
20:29:24.759452,#System,Shared Memory code added: US.TSLA220513C855000; Capacity: 1/100,
20:33:15.991629,#System,=========================NEW PROGRAMME=======================,
20:33:16.008709,#System,Connection established!,
20:33:16.008709,#System,Quote Handler is ready!,
20:33:16.010699,#System,Ticker Handler is ready!,
20:33:16.010699,#System,Shared Memory code added: US.TSLA220513C855000; Capacity: 1/100,
20:34:57.041221,#SYS,=========================NEW PROGRAMME=======================,
20:34:57.068051,#SYS,Connection established!,
20:34:57.068051,#SYS,Quote Handler is ready!,
20:34:57.068051,#SYS,Ticker Handler is ready!,
20:34:57.068051,#SYS#SHM,Shared Memory code added: US.TSLA220513C855000; Capacity: 1/100,
20:48:49.266429,#SYS,=========================NEW PROGRAMME=======================,
20:48:49.281424,#SYS,Connection established!,
20:48:49.281424,#SYS,Quote Handler is ready!,
20:48:49.281424,#SYS,Ticker Handler is ready!,
20:48:49.281424,#SYS#SHM,Shared Memory code added: US.TSLA220513C855000; Capacity: 1/100,
20:48:49.285380,#SYS,Subscribe Successfully:(0, {'total_used': 2, 'remain': 298, 'own_used': 2, 'sub_list': {'ORDER_BOOK': ['US.TSLA220513C855000'], 'TICKER': ['US.TSLA220513C855000']}}),
20:48:49.285380,#SYS#SHM,Shared Memory code deleted: US.TSLA220513C855000; Capacity: 0/100,
20:49:36.605950,#SYS,=========================NEW PROGRAMME=======================,
20:49:36.630012,#SYS,Connection established!,
20:49:36.630012,#SYS,Quote Handler is ready!,
20:49:36.630012,#SYS,Ticker Handler is ready!,
20:49:36.630012,#SYS#SHM,Shared Memory code added: US.TSLA220513C855000; Capacity: 1/100,
20:49:36.632968,#SYS,Subscribe Successfully:(0, {'total_used': 2, 'remain': 298, 'own_used': 2, 'sub_list': {'ORDER_BOOK': ['US.TSLA220513C855000'], 'TICKER': ['US.TSLA220513C855000']}}),
20:49:36.632968,#SYS#SHM,Shared Memory code deleted: US.TSLA220513C855000; Capacity: 0/100,
20:49:36.634963,#SYS#ERR,Failed to cancel subscriptions！订阅时间过短，至少需要订阅1分钟 TSLA220513C855000 OrderBook,
20:50:43.919124,#SYS,=========================NEW PROGRAMME=======================,
20:50:43.942098,#SYS,Connection established!,
20:50:43.942098,#SYS,Quote Handler is ready!,
20:50:43.942098,#SYS,Ticker Handler is ready!,
20:50:43.942098,#SYS#SHM,Shared Memory code added: US.TSLA220513C855000; Capacity: 1/100,
20:50:43.945165,#SYS,Subscribe Successfully:(0, {'total_used': 2, 'remain': 298, 'own_used': 2, 'sub_list': {'ORDER_BOOK': ['US.TSLA220513C855000'], 'TICKER': ['US.TSLA220513C855000']}}),
20:50:43.947124,#SYS#ERR,Failed to cancel subscriptions！订阅时间过短，至少需要订阅1分钟 TSLA220513C855000 OrderBook,
20:52:18.783779,#SYS,=========================NEW PROGRAMME=======================,
20:52:18.819851,#SYS,Connection established!,
20:52:18.819851,#SYS,Quote Handler is ready!,
20:52:18.819851,#SYS,Ticker Handler is ready!,
20:52:18.822843,#SYS,Subscribe Successfully:(0, {'total_used': 2, 'remain': 298, 'own_used': 2, 'sub_list': {'ORDER_BOOK': ['US.TSLA220513C855000'], 'TICKER': ['US.TSLA220513C855000']}}),
20:52:18.822843,#SYS#SHM,Shared Memory code added: US.TSLA220513C855000; Capacity: 1/100,
20:52:18.823840,#SYS#ERR,Failed to cancel subscriptions！订阅时间过短，至少需要订阅1分钟 TSLA220513C855000 OrderBook,
20:54:22.081507,#SYS,=========================NEW PROGRAMME=======================,
20:54:22.107243,#SYS,Connection established!,
20:54:22.107243,#SYS,Quote Handler is ready!,
20:54:22.107243,#SYS,Ticker Handler is ready!,
20:54:22.109238,#SYS,Subscribe Successfully:(0, {'total_used': 2, 'remain': 298, 'own_used': 2, 'sub_list': {'ORDER_BOOK': ['US.TSLA220513C855000'], 'TICKER': ['US.TSLA220513C855000']}}),
20:54:22.109238,#SYS#SHM,Shared Memory code added: US.TSLA220513C855000; Capacity: 1/100,
20:54:22.111233,#SYS#ERR,Failed to cancel subscriptions！订阅时间过短，至少需要订阅1分钟 TSLA220513C855000 OrderBook,
20:54:34.198077,#SYS,=========================NEW PROGRAMME=======================,
20:54:34.214791,#SYS,Connection established!,
20:54:34.214791,#SYS,Quote Handler is ready!,
20:54:34.214791,#SYS,Ticker Handler is ready!,
20:54:34.217784,#SYS,Subscribe Successfully:(0, {'total_used': 2, 'remain': 298, 'own_used': 2, 'sub_list': {'ORDER_BOOK': ['US.TSLA220513C855000'], 'TICKER': ['US.TSLA220513C855000']}}),
20:54:34.217784,#SYS#SHM,Shared Memory code added: US.TSLA220513C855000; Capacity: 1/100,
20:54:34.219778,#SYS#ERR,Failed to cancel subscriptions！订阅时间过短，至少需要订阅1分钟 TSLA220513C855000 OrderBook,
20:57:22.703757,#SYS,=========================NEW PROGRAMME=======================,
20:57:22.725141,#SYS,Connection established!,
20:57:22.725141,#SYS,Quote Handler is ready!,
20:57:22.725141,#SYS,Ticker Handler is ready!,
20:57:22.727100,#SYS#SHM,Shared Memory code added: US.TSLA220513C855000; Capacity: 1/100,
20:57:22.728132,#SYS,Subscribe Successfully:(0, {'total_used': 2, 'remain': 298, 'own_used': 2, 'sub_list': {'ORDER_BOOK': ['US.TSLA220513C855000'], 'TICKER': ['US.TSLA220513C855000']}}),
20:57:22.729095,#SYS#ERR,Failed to cancel subscriptions！订阅时间过短，至少需要订阅1分钟 TSLA220513C855000 OrderBook,
21:39:01.808070,#SYS,=========================NEW PROGRAMME=======================,
21:40:08.992913,#SYS,=========================NEW PROGRAMME=======================,
21:40:09.023028,#SYS,Connection established!,
21:40:09.023028,#SYS,Quote Handler is ready!,
21:40:09.023028,#SYS,Ticker Handler is ready!,
21:42:20.563604,#SYS,=========================NEW PROGRAMME=======================,
21:42:20.587111,#SYS,Connection established!,
21:42:20.587111,#SYS,Quote Handler is ready!,
21:42:20.587111,#SYS,Ticker Handler is ready!,
22:07:16.448218,#SYS,=========================NEW PROGRAMME=======================,
22:07:16.470767,#SYS,Connection established!,
22:07:16.470767,#SYS,Quote Handler is ready!,
22:07:16.470767,#SYS,Ticker Handler is ready!,
22:16:59.613043,#SYS,=========================NEW PROGRAMME=======================,
22:16:59.640163,#SYS,Connection established!,
22:16:59.640163,#SYS,Quote Handler is ready!,
22:16:59.640163,#SYS,Ticker Handler is ready!,
22:16:59.640163,#SYS,Listening Internal Socket!,
22:21:11.220556,#SYS,=========================NEW PROGRAMME=======================,
22:21:11.241599,#SYS,Connection established!,
22:21:11.241599,#SYS,Quote Handler is ready!,
22:21:11.241599,#SYS,Ticker Handler is ready!,
22:21:11.241599,#SYS,Listening Internal Socket!,
22:21:15.038123,#SYS#CMM,127.0.0.1(52211) Connected,
22:21:18.097723,#CMM#EVT,Recv: hahahah,
22:21:46.714581,#SYS,=========================NEW PROGRAMME=======================,
22:21:46.732622,#SYS,Connection established!,
22:21:46.732622,#SYS,Quote Handler is ready!,
22:21:46.732622,#SYS,Ticker Handler is ready!,
22:21:46.732622,#SYS,Listening Internal Socket!,
22:21:47.385958,#SYS#CMM,127.0.0.1(52236) Connected,
22:21:49.600806,#CMM#EVT,Recv: hahaha,
22:21:49.601832,#CMM#EVT,Send: response,
22:42:48.262567,#SYS,=========================NEW PROGRAMME=======================,
22:42:48.287119,#SYS,Connection established!,
22:42:48.287119,#SYS,Quote Handler is ready!,
22:42:48.287119,#SYS,Ticker Handler is ready!,
22:42:48.287119,#SYS,Listening Internal Socket!,
22:43:04.325300,#SYS#CMM,127.0.0.1(53033) Connected,
22:43:07.868027,#CMM#EVT,Recv: 1,SUBSCRIBE,US.TSLA220513C855000,
22:43:07.871061,#SYS#SHM,Shared Memory code added: US.TSLA220513C855000; Capacity: 1/100,
22:43:07.873025,#SYS,Subscribe Successfully:(0, {'total_used': 2, 'remain': 298, 'own_used': 2, 'sub_list': {'ORDER_BOOK': ['US.TSLA220513C855000'], 'TICKER': ['US.TSLA220513C855000']}}),
22:43:07.873025,#CMM#EVT,Send: 1,1,None,
22:46:22.953372,#SYS,=========================NEW PROGRAMME=======================,
22:46:22.967370,#SYS,Connection established!,
22:46:22.967370,#SYS,Quote Handler is ready!,
22:46:22.967370,#SYS,Ticker Handler is ready!,
22:46:22.967370,#SYS,Listening Internal Socket!,
22:46:25.188000,#SYS#CMM,127.0.0.1(53152) Connected,
22:46:33.724218,#CMM#EVT,Recv: 1,SUBSCRIBE,US.TSLA220513C855000,
22:46:33.728206,#SYS#SHM,Shared Memory code added: US.TSLA220513C855000; Capacity: 1/100,
22:46:33.730289,#SYS,Subscribe Successfully:(0, {'total_used': 2, 'remain': 298, 'own_used': 2, 'sub_list': {'ORDER_BOOK': ['US.TSLA220513C855000'], 'TICKER': ['US.TSLA220513C855000']}}),
22:46:33.730289,#CMM#EVT,Send: 1,1,None,
22:47:36.524493,#SYS,=========================NEW PROGRAMME=======================,
22:47:36.543471,#SYS,Connection established!,
22:47:36.543471,#SYS,Quote Handler is ready!,
22:47:36.543471,#SYS,Ticker Handler is ready!,
22:47:36.543471,#SYS,Listening Internal Socket!,
22:47:39.057230,#SYS#CMM,127.0.0.1(53203) Connected,
22:47:45.732445,#CMM#EVT,Recv: 1,SUBSCRIBE,US.TSLA220513C855000,
22:47:45.735436,#SYS#SHM,Shared Memory code added: US.TSLA220513C855000; Capacity: 1/100,
22:47:45.737430,#SYS,Subscribe Successfully:(0, {'total_used': 2, 'remain': 298, 'own_used': 2, 'sub_list': {'ORDER_BOOK': ['US.TSLA220513C855000'], 'TICKER': ['US.TSLA220513C855000']}}),
22:47:45.737430,#CMM#EVT,Send: 1,1,None,
22:49:22.136977,#SYS,=========================NEW PROGRAMME=======================,
22:49:22.158659,#SYS,Connection established!,
22:49:22.158659,#SYS,Quote Handler is ready!,
22:49:22.158659,#SYS,Ticker Handler is ready!,
22:49:22.158659,#SYS,Listening Internal Socket!,
22:49:24.051965,#SYS#CMM,127.0.0.1(53272) Connected,
22:49:32.219661,#CMM#EVT,Recv: 1,SUBSCRIBE,US.TSLA220513C855000,
22:49:32.222653,#SYS#SHM,Shared Memory code added: US.TSLA220513C855000; Capacity: 1/100,
22:49:32.224651,#SYS,Subscribe Successfully:(0, {'total_used': 2, 'remain': 298, 'own_used': 2, 'sub_list': {'ORDER_BOOK': ['US.TSLA220513C855000'], 'TICKER': ['US.TSLA220513C855000']}}),
22:49:32.224651,#CMM#EVT,Send: 1,1,US.TSLA220513C855000Subscribe Successfully,
22:50:05.030677,#SYS,=========================NEW PROGRAMME=======================,
22:50:05.048770,#SYS,Connection established!,
22:50:05.048770,#SYS,Quote Handler is ready!,
22:50:05.048770,#SYS,Ticker Handler is ready!,
22:50:05.048770,#SYS,Listening Internal Socket!,
22:50:07.967753,#SYS#CMM,127.0.0.1(53307) Connected,
22:50:14.106947,#CMM#EVT,Recv: 1,SUBSCRIBE,US.TSLA220513C855000,
22:50:14.172006,#SYS#SHM,Shared Memory code added: US.TSLA220513C855000; Capacity: 1/100,
22:50:14.251679,#SYS,Subscribe Successfully:(0, {'total_used': 2, 'remain': 298, 'own_used': 2, 'sub_list': {'ORDER_BOOK': ['US.TSLA220513C855000'], 'TICKER': ['US.TSLA220513C855000']}}),
22:50:14.281662,#CMM#EVT,Send: 1,1,US.TSLA220513C855000 Subscribe Successfully,
22:50:52.266627,#CMM#EVT,Recv: 2,UNSUBSCRIBE,US.TSLA220513C855000,
22:50:52.422770,#SYS#SHM,Shared Memory code deleted: US.TSLA220513C855000; Capacity: 0/100,
22:50:52.560167,#SYS,Unsubscribe successfully！current subscription status:(0, {'total_used': 0, 'remain': 300, 'own_used': 0, 'sub_list': {}}),
22:50:52.607843,#CMM#EVT,Send: 1,2,US.TSLA220513C855000 Unsubscribe Successfully,
22:51:14.634424,#CMM#EVT,Recv: 1,SUBSCRIBE,US.TSLA220513C855000,
22:51:14.725558,#SYS#SHM,Shared Memory code added: US.TSLA220513C855000; Capacity: 1/100,
22:51:14.800569,#SYS,Subscribe Successfully:(0, {'total_used': 2, 'remain': 298, 'own_used': 2, 'sub_list': {'ORDER_BOOK': ['US.TSLA220513C855000'], 'TICKER': ['US.TSLA220513C855000']}}),
22:51:14.815757,#CMM#EVT,Send: 1,1,US.TSLA220513C855000 Subscribe Successfully,
22:51:20.589360,#CMM#EVT,Recv: 2,UNSUBSCRIBE,US.TSLA220513C855000,
22:51:20.757891,#SYS#ERR,Failed to cancel subscriptions！订阅时间过短，至少需要订阅1分钟 TSLA220513C855000 OrderBook,
22:51:20.788009,#CMM#EVT,Send: 0,2,订阅时间过短，至少需要订阅1分钟 TSLA220513C855000 OrderBook,
